#
# A fatal error has been detected by the Java Runtime Environment:
#
#  Internal Error (javaClasses.cpp:136), pid=4284, tid=5224
#  fatal error: Invalid layout of preloaded class
#
# JRE version:  (7.0_51-b13) (build )
# Java VM: Java HotSpot(TM) Client VM (24.51-b03 mixed mode windows-x86 )
# Failed to write core dump. Minidumps are not enabled by default on client versions of Windows
#
# If you would like to submit a bug report, please visit:
#   http://bugreport.sun.com/bugreport/crash.jsp
#

---------------  T H R E A D  ---------------

Current thread (0x004dbc00):  JavaThread "Unknown thread" [_thread_in_vm, id=5224, stack(0x00e60000,0x00eb0000)]

Stack: [0x00e60000,0x00eb0000],  sp=0x00eaf678,  free space=317k
Native frames: (J=compiled Java code, j=interpreted, Vv=VM code, C=native code)
V  [jvm.dll+0x18e0f1]
V  [jvm.dll+0x187e66]
V  [jvm.dll+0x3586a]
V  [jvm.dll+0x358f6]
V  [jvm.dll+0x4400d]
V  [jvm.dll+0x442be]
V  [jvm.dll+0x9263a]
V  [jvm.dll+0x929eb]
V  [jvm.dll+0x13dc51]
V  [jvm.dll+0x16076c]
V  [jvm.dll+0xc8ebf]
C  [javaw.exe+0x13ce]
C  [javaw.exe+0x1e40]
C  [javaw.exe+0xa5b1]
C  [javaw.exe+0xa63b]
C  [kernel32.dll+0x1338a]
C  [ntdll.dll+0x39f72]
C  [ntdll.dll+0x39f45]


---------------  P R O C E S S  ---------------

Java Threads: ( => current thread )

Other Threads:

=>0x004dbc00 (exited) JavaThread "Unknown thread" [_thread_in_vm, id=5224, stack(0x00e60000,0x00eb0000)]

VM state:not at safepoint (not fully initialized)

VM Mutex/Monitor currently owned by a thread: None

GC Heap History (0 events):
No events

Deoptimization events (0 events):
No events

Internal exceptions (0 events):
No events

Events (10 events):
Event: 0.120 loading class 0x00238c40 done
Event: 0.121 loading class 0x002386d0 done
Event: 0.121 loading class 0x002386b0
Event: 0.137 loading class 0x0023f9d8
Event: 0.170 loading class 0x0023f9d8 done
Event: 0.170 loading class 0x0023fa08
Event: 0.171 loading class 0x0023fa08 done
Event: 0.171 loading class 0x0023fa38
Event: 0.171 loading class 0x0023fa38 done
Event: 0.171 loading class 0x002386b0 done


Dynamic libraries:
0x01030000 - 0x0105f000 	C:\Program Files (x86)\Java\jre7\bin\javaw.exe
0x77de0000 - 0x77f60000 	C:\Windows\SysWOW64\ntdll.dll
0x75f20000 - 0x76030000 	C:\Windows\syswow64\kernel32.dll
0x76030000 - 0x76077000 	C:\Windows\syswow64\KERNELBASE.dll
0x76920000 - 0x769c0000 	C:\Windows\syswow64\ADVAPI32.dll
0x762b0000 - 0x7635c000 	C:\Windows\syswow64\msvcrt.dll
0x768d0000 - 0x768e9000 	C:\Windows\SysWOW64\sechost.dll
0x75e20000 - 0x75f10000 	C:\Windows\syswow64\RPCRT4.dll
0x75800000 - 0x75860000 	C:\Windows\syswow64\SspiCli.dll
0x757f0000 - 0x757fc000 	C:\Windows\syswow64\CRYPTBASE.dll
0x76c00000 - 0x76d00000 	C:\Windows\syswow64\USER32.dll
0x76a80000 - 0x76b10000 	C:\Windows\syswow64\GDI32.dll
0x76580000 - 0x7658a000 	C:\Windows\syswow64\LPK.dll
0x76b10000 - 0x76bad000 	C:\Windows\syswow64\USP10.dll
0x754b0000 - 0x7564e000 	C:\Windows\WinSxS\x86_microsoft.windows.common-controls_6595b64144ccf1df_6.0.7601.17514_none_41e6975e2bd6f2b2\COMCTL32.dll
0x76870000 - 0x768c7000 	C:\Windows\syswow64\SHLWAPI.dll
0x769c0000 - 0x76a20000 	C:\Windows\system32\IMM32.DLL
0x75d50000 - 0x75e1c000 	C:\Windows\syswow64\MSCTF.dll
0x6de40000 - 0x6deff000 	C:\Program Files (x86)\Java\jre7\bin\msvcr100.dll
0x6c360000 - 0x6c6e0000 	C:\Program Files (x86)\Java\jre7\bin\client\jvm.dll
0x752f0000 - 0x752f7000 	C:\Windows\system32\WSOCK32.dll
0x76830000 - 0x76865000 	C:\Windows\syswow64\WS2_32.dll
0x77db0000 - 0x77db6000 	C:\Windows\syswow64\NSI.dll
0x75250000 - 0x75282000 	C:\Windows\system32\WINMM.dll
0x76370000 - 0x76375000 	C:\Windows\syswow64\PSAPI.DLL
0x73780000 - 0x7378c000 	C:\Program Files (x86)\Java\jre7\bin\verify.dll
0x73760000 - 0x73780000 	C:\Program Files (x86)\Java\jre7\bin\java.dll
0x73650000 - 0x73663000 	C:\Program Files (x86)\Java\jre7\bin\zip.dll
0x73df0000 - 0x73edb000 	C:\Windows\system32\dbghelp.dll

VM Arguments:
jvm_args: -Dfile.encoding=Cp1252 -Xbootclasspath:C:\eclipseForAndroid\adt-bundle-windows-x86_64-20131030\sdk\platforms\android-19\android.jar 
java_command: utd.persistentDataStore.simpleSocket.WriteClient
Launcher Type: SUN_STANDARD

Environment Variables:
PATH=C:\Windows\system32;C:\Windows;C:\Windows\System32\Wbem;C:\Windows\System32\WindowsPowerShell\v1.0\;C:\shortcuts;C:\Program Files (x86)\Git\cmd;C:\wamp\bin\php\php5.4.12;C:\ProgramData\ComposerSetup\bin;C:\wamp\bin\mysql\mysql5.6.12\bin;
USERNAME=Cato Arcanus
OS=Windows_NT
PROCESSOR_IDENTIFIER=Intel64 Family 6 Model 15 Stepping 11, GenuineIntel



---------------  S Y S T E M  ---------------

OS: Windows 7 , 64 bit Build 7601 Service Pack 1

CPU:total 4 (4 cores per cpu, 1 threads per core) family 6 model 15 stepping 11, cmov, cx8, fxsr, mmx, sse, sse2, sse3, ssse3, tsc

Memory: 4k page, physical 2095608k(256624k free), swap 4371440k(402284k free)

vm_info: Java HotSpot(TM) Client VM (24.51-b03) for windows-x86 JRE (1.7.0_51-b13), built on Dec 18 2013 19:09:58 by "java_re" with unknown MS VC++:1600

time: Mon Apr 14 20:51:45 2014
elapsed time: 0 seconds

